New python executable in env/bin/python2
Not overwriting existing python script env/bin/python (you must use env/bin/python2)
Installing setuptools, pip...done.
Overwriting env/bin/activate with new content
Overwriting env/bin/activate.fish with new content
Overwriting env/bin/activate.csh with new content
Running virtualenv with interpreter /usr/bin/python2
Start time: 2019-07-07 17:32:08.662548
inj_num, inj_mass1, inj_mass2, fitting_factor
1, 1.155556, 1.100000, 0.985302
2, 1.155556, 1.155556, 0.986127
3, 1.155556, 1.211111, 0.999966
4, 1.155556, 1.266667, 0.983181
5, 1.155556, 1.322222, 0.995375
6, 1.155556, 1.377778, 0.986703
7, 1.155556, 1.433333, 0.994787
8, 1.155556, 1.488889, 0.995907
9, 1.155556, 1.544444, 0.991417
10, 1.155556, 1.600000, 0.978196
Ending time: 2019-07-08 13:21:01.631455
Runtime: 19:48:52.968907
