New python executable in env/bin/python2
Not overwriting existing python script env/bin/python (you must use env/bin/python2)
Installing setuptools, pip...done.
Overwriting env/bin/activate with new content
Overwriting env/bin/activate.fish with new content
Overwriting env/bin/activate.csh with new content
Running virtualenv with interpreter /usr/bin/python2
Start time: 2019-07-07 17:32:28.540950
inj_num, inj_mass1, inj_mass2, fitting_factor
1, 1.433333, 1.100000, 0.993921
2, 1.433333, 1.155556, 0.994787
3, 1.433333, 1.211111, 0.997626
4, 1.433333, 1.266667, 0.997344
5, 1.433333, 1.322222, 0.995755
6, 1.433333, 1.377778, 0.993098
7, 1.433333, 1.433333, 0.973473
8, 1.433333, 1.488889, 0.999360
9, 1.433333, 1.544444, 0.991916
10, 1.433333, 1.600000, 0.995601
Ending time: 2019-07-08 09:58:44.292697
Runtime: 16:26:15.751747
