New python executable in env/bin/python2
Not overwriting existing python script env/bin/python (you must use env/bin/python2)
Installing setuptools, pip...done.
Overwriting env/bin/activate with new content
Overwriting env/bin/activate.fish with new content
Overwriting env/bin/activate.csh with new content
Running virtualenv with interpreter /usr/bin/python2
Start time: 2019-07-07 17:32:10.309416
inj_num, inj_mass1, inj_mass2, fitting_factor
1, 1.544444, 1.100000, 0.963182
2, 1.544444, 1.155556, 0.991417
3, 1.544444, 1.211111, 0.992614
4, 1.544444, 1.266667, 0.989881
5, 1.544444, 1.322222, 0.993633
6, 1.544444, 1.377778, 0.987870
7, 1.544444, 1.433333, 0.991916
8, 1.544444, 1.488889, 0.997527
9, 1.544444, 1.544444, 0.993178
10, 1.544444, 1.600000, 0.999243
Ending time: 2019-07-08 10:05:42.846219
Runtime: 16:33:32.536803
